INFO 2025-05-28 22:54:46,983 views 46619 126230296094144 Запрос статистики от пользователя customer
INFO 2025-05-28 22:54:47,396 views 46619 126230296094144 Запрос статистики от пользователя testuser
INFO 2025-05-28 22:56:23,517 views 46786 136093312079296 Запрос статистики от пользователя customer
INFO 2025-05-28 22:56:23,861 views 46786 136093312079296 Запрос статистики от пользователя testuser
INFO 2025-05-28 22:58:05,013 views 46885 127112077399488 Запрос статистики от пользователя testuser
INFO 2025-05-28 22:58:05,578 views 46885 127112077399488 Запрос статистики от пользователя testuser
INFO 2025-05-28 22:58:05,579 views 46885 127112077399488 Применен поисковый фильтр: Test Book
INFO 2025-05-28 22:58:05,582 views 46885 127112077399488 Рассчитана общая статистика: всего продаж=59.9800000000000, среднее=59.9800000000000, всего книг=2
INFO 2025-05-28 22:58:05,584 views 46885 127112077399488 Рассчитана статистика по клиентам: средний возраст=30.0, всего клиентов=1
INFO 2025-05-28 22:58:05,587 views 46885 127112077399488 Данные для графиков успешно подготовлены
INFO 2025-05-28 22:58:06,136 views 46885 127112077399488 Запрос статистики от пользователя testuser
INFO 2025-05-28 22:58:06,137 views 46885 127112077399488 Применен поисковый фильтр: customer
INFO 2025-05-28 22:58:06,140 views 46885 127112077399488 Рассчитана общая статистика: всего продаж=59.9800000000000, среднее=59.9800000000000, всего книг=2
INFO 2025-05-28 22:58:06,141 views 46885 127112077399488 Рассчитана статистика по клиентам: средний возраст=30.0, всего клиентов=1
INFO 2025-05-28 22:58:06,144 views 46885 127112077399488 Данные для графиков успешно подготовлены
INFO 2025-05-28 22:58:06,672 views 46885 127112077399488 Запрос статистики от пользователя testuser
INFO 2025-05-28 22:58:06,673 views 46885 127112077399488 Применен поисковый фильтр: Test Genre
INFO 2025-05-28 22:58:06,675 views 46885 127112077399488 Рассчитана общая статистика: всего продаж=59.9800000000000, среднее=59.9800000000000, всего книг=2
INFO 2025-05-28 22:58:06,676 views 46885 127112077399488 Рассчитана статистика по клиентам: средний возраст=30.0, всего клиентов=1
INFO 2025-05-28 22:58:06,679 views 46885 127112077399488 Данные для графиков успешно подготовлены
INFO 2025-05-28 22:58:07,206 views 46885 127112077399488 Запрос статистики от пользователя testuser
INFO 2025-05-28 22:58:07,208 views 46885 127112077399488 Рассчитана общая статистика: всего продаж=59.9800000000000, среднее=59.9800000000000, всего книг=2
INFO 2025-05-28 22:58:07,209 views 46885 127112077399488 Рассчитана статистика по клиентам: средний возраст=30.0, всего клиентов=1
INFO 2025-05-28 22:58:07,212 views 46885 127112077399488 Данные для графиков успешно подготовлены
INFO 2025-05-28 22:58:07,738 views 46885 127112077399488 Запрос статистики от пользователя testuser
INFO 2025-05-28 22:58:07,740 views 46885 127112077399488 Рассчитана общая статистика: всего продаж=59.9800000000000, среднее=59.9800000000000, всего книг=2
INFO 2025-05-28 22:58:07,741 views 46885 127112077399488 Рассчитана статистика по клиентам: средний возраст=30.0, всего клиентов=1
INFO 2025-05-28 22:58:07,743 views 46885 127112077399488 Данные для графиков успешно подготовлены
INFO 2025-05-28 22:58:08,271 views 46885 127112077399488 Запрос статистики от пользователя testuser
INFO 2025-05-28 22:58:08,273 views 46885 127112077399488 Рассчитана общая статистика: всего продаж=59.9800000000000, среднее=59.9800000000000, всего книг=2
INFO 2025-05-28 22:58:08,274 views 46885 127112077399488 Рассчитана статистика по клиентам: средний возраст=30.0, всего клиентов=1
INFO 2025-05-28 22:58:08,276 views 46885 127112077399488 Данные для графиков успешно подготовлены
INFO 2025-05-28 22:58:08,805 views 46885 127112077399488 Запрос статистики от пользователя testuser
INFO 2025-05-28 22:58:08,807 views 46885 127112077399488 Рассчитана общая статистика: всего продаж=59.9800000000000, среднее=59.9800000000000, всего книг=2
INFO 2025-05-28 22:58:08,808 views 46885 127112077399488 Рассчитана статистика по клиентам: средний возраст=30.0, всего клиентов=1
INFO 2025-05-28 22:58:08,810 views 46885 127112077399488 Данные для графиков успешно подготовлены
INFO 2025-05-28 22:58:09,340 views 46885 127112077399488 Запрос статистики от пользователя testuser
INFO 2025-05-28 22:58:09,341 views 46885 127112077399488 Применен фильтр по начальной дате: 2025-05-28
INFO 2025-05-28 22:58:09,341 views 46885 127112077399488 Применен фильтр по конечной дате: 2025-05-28
INFO 2025-05-28 22:58:09,870 views 46885 127112077399488 Запрос статистики от пользователя testuser
INFO 2025-05-28 22:58:09,873 views 46885 127112077399488 Рассчитана общая статистика: всего продаж=59.9800000000000, среднее=59.9800000000000, всего книг=2
INFO 2025-05-28 22:58:09,874 views 46885 127112077399488 Рассчитана статистика по клиентам: средний возраст=30.0, всего клиентов=1
INFO 2025-05-28 22:58:09,876 views 46885 127112077399488 Данные для графиков успешно подготовлены
INFO 2025-05-28 22:58:10,422 views 46885 127112077399488 Запрос статистики от пользователя testuser
INFO 2025-05-28 22:58:10,424 views 46885 127112077399488 Рассчитана общая статистика: всего продаж=59.9800000000000, среднее=59.9800000000000, всего книг=2
INFO 2025-05-28 22:58:10,425 views 46885 127112077399488 Рассчитана статистика по клиентам: средний возраст=30.0, всего клиентов=1
INFO 2025-05-28 22:58:10,427 views 46885 127112077399488 Данные для графиков успешно подготовлены
INFO [2025-05-29 00:19:27] /home/jurasik/BookStore/analytics/views.py:32 Запрос статистики от пользователя SuperUser1
WARNING [2025-05-29 00:19:27] /home/jurasik/BookStore/analytics/views.py:46 Невалидная форма дат: <ul class="errorlist"><li>start_date<ul class="errorlist" id="id_start_date_error"><li>Обязательное поле.</li></ul></li><li>end_date<ul class="errorlist" id="id_end_date_error"><li>Обязательное поле.</li></ul></li></ul>
INFO [2025-05-29 00:19:39] /home/jurasik/BookStore/analytics/views.py:32 Запрос статистики от пользователя SuperUser1
WARNING [2025-05-29 00:19:39] /home/jurasik/BookStore/analytics/views.py:46 Невалидная форма дат: <ul class="errorlist"><li>start_date<ul class="errorlist" id="id_start_date_error"><li>Обязательное поле.</li></ul></li><li>end_date<ul class="errorlist" id="id_end_date_error"><li>Обязательное поле.</li></ul></li></ul>
INFO [2025-05-29 00:19:53] /home/jurasik/BookStore/analytics/views.py:32 Запрос статистики от пользователя SuperUser1
WARNING [2025-05-29 00:19:53] /home/jurasik/BookStore/analytics/views.py:46 Невалидная форма дат: <ul class="errorlist"><li>start_date<ul class="errorlist" id="id_start_date_error"><li>Обязательное поле.</li></ul></li><li>end_date<ul class="errorlist" id="id_end_date_error"><li>Обязательное поле.</li></ul></li></ul>
INFO [2025-05-29 00:30:52] /home/jurasik/BookStore/analytics/views.py:38 Запрос статистики от пользователя SuperUser1
WARNING [2025-05-29 00:30:52] /home/jurasik/BookStore/analytics/views.py:52 Невалидная форма дат: <ul class="errorlist"><li>start_date<ul class="errorlist" id="id_start_date_error"><li>Обязательное поле.</li></ul></li><li>end_date<ul class="errorlist" id="id_end_date_error"><li>Обязательное поле.</li></ul></li></ul>
INFO [2025-05-29 00:30:59] /home/jurasik/BookStore/analytics/views.py:38 Запрос статистики от пользователя SuperUser1
WARNING [2025-05-29 00:30:59] /home/jurasik/BookStore/analytics/views.py:52 Невалидная форма дат: <ul class="errorlist"><li>start_date<ul class="errorlist" id="id_start_date_error"><li>Обязательное поле.</li></ul></li><li>end_date<ul class="errorlist" id="id_end_date_error"><li>Обязательное поле.</li></ul></li></ul>
INFO [2025-05-29 00:31:01] /home/jurasik/BookStore/analytics/views.py:38 Запрос статистики от пользователя SuperUser1
WARNING [2025-05-29 00:31:01] /home/jurasik/BookStore/analytics/views.py:52 Невалидная форма дат: <ul class="errorlist"><li>start_date<ul class="errorlist" id="id_start_date_error"><li>Обязательное поле.</li></ul></li><li>end_date<ul class="errorlist" id="id_end_date_error"><li>Обязательное поле.</li></ul></li></ul>
INFO [2025-05-29 00:31:01] /home/jurasik/BookStore/analytics/views.py:38 Запрос статистики от пользователя SuperUser1
WARNING [2025-05-29 00:31:01] /home/jurasik/BookStore/analytics/views.py:52 Невалидная форма дат: <ul class="errorlist"><li>start_date<ul class="errorlist" id="id_start_date_error"><li>Обязательное поле.</li></ul></li><li>end_date<ul class="errorlist" id="id_end_date_error"><li>Обязательное поле.</li></ul></li></ul>
INFO [2025-05-29 00:31:01] /home/jurasik/BookStore/analytics/views.py:38 Запрос статистики от пользователя SuperUser1
WARNING [2025-05-29 00:31:01] /home/jurasik/BookStore/analytics/views.py:52 Невалидная форма дат: <ul class="errorlist"><li>start_date<ul class="errorlist" id="id_start_date_error"><li>Обязательное поле.</li></ul></li><li>end_date<ul class="errorlist" id="id_end_date_error"><li>Обязательное поле.</li></ul></li></ul>
